This file contains any messages produced by compilers while
running configure, to aid debugging if configure makes a mistake.

It was created by ratts configure 0.08, which was
generated by GNU Autoconf 2.69.  Invocation command line was

  $ ./configure --with-pd-include=/Applications/Pd.app/Contents/Resources/src/

## --------- ##
## Platform. ##
## --------- ##

hostname = megrimm-mbp.local
uname -m = x86_64
uname -r = 17.4.0
uname -s = Darwin
uname -v = Darwin Kernel Version 17.4.0: Sun Dec 17 09:19:54 PST 2017; root:xnu-4570.41.2~1/RELEASE_X86_64

/usr/bin/uname -p = i386
/bin/uname -X     = unknown

/bin/arch              = unknown
/usr/bin/arch -k       = unknown
/usr/convex/getsysinfo = unknown
/usr/bin/hostinfo      = Mach kernel version:
	 Darwin Kernel Version 17.4.0: Sun Dec 17 09:19:54 PST 2017; root:xnu-4570.41.2~1/RELEASE_X86_64
Kernel configured for up to 4 processors.
2 processors are physically available.
4 processors are logically available.
Processor type: x86_64h (Intel x86-64h Haswell)
Processors active: 0 1 2 3
Primary memory available: 8.00 gigabytes
Default processor set: 407 tasks, 2379 threads, 4 processors
Load average: 4.14, Mach factor: 1.50
/bin/machine           = unknown
/usr/bin/oslevel       = unknown
/bin/universe          = unknown

PATH: /Users/megrimm/Development/Scripts
PATH: /usr/local/bin
PATH: /usr/bin
PATH: /bin
PATH: /usr/sbin
PATH: /sbin
PATH: /opt/X11/bin


## ----------- ##
## Core tests. ##
## ----------- ##

configure:2282: checking for a BSD-compatible install
configure:2350: result: /usr/local/bin/ginstall -c
configure:2361: checking whether build environment is sane
configure:2416: result: yes
configure:2454: WARNING: 'missing' script is too old or missing
configure:2567: checking for a thread-safe mkdir -p
configure:2606: result: /usr/local/bin/gmkdir -p
configure:2613: checking for gawk
configure:2643: result: no
configure:2613: checking for mawk
configure:2643: result: no
configure:2613: checking for nawk
configure:2643: result: no
configure:2613: checking for awk
configure:2629: found /usr/bin/awk
configure:2640: result: awk
configure:2651: checking whether make sets $(MAKE)
configure:2673: result: yes
configure:2702: checking whether make supports nested variables
configure:2719: result: yes
configure:2899: checking for gcc
configure:2915: found /usr/bin/gcc
configure:2926: result: gcc
configure:3155: checking for C compiler version
configure:3164: gcc --version >&5
Apple LLVM version 9.1.0 (clang-902.0.39.1)
Target: x86_64-apple-darwin17.4.0
Thread model: posix
InstalledDir: /Applications/Xcode.app/Contents/Developer/Toolchains/XcodeDefault.xctoolchain/usr/bin
Configured with: --prefix=/Applications/Xcode.app/Contents/Developer/usr --with-gxx-include-dir=/Applications/Xcode.app/Contents/Developer/Platforms/MacOSX.platform/Developer/SDKs/MacOSX10.13.sdk/usr/include/c++/4.2.1
configure:3175: $? = 0
configure:3164: gcc -v >&5
Configured with: --prefix=/Applications/Xcode.app/Contents/Developer/usr --with-gxx-include-dir=/Applications/Xcode.app/Contents/Developer/Platforms/MacOSX.platform/Developer/SDKs/MacOSX10.13.sdk/usr/include/c++/4.2.1
Apple LLVM version 9.1.0 (clang-902.0.39.1)
Target: x86_64-apple-darwin17.4.0
Thread model: posix
InstalledDir: /Applications/Xcode.app/Contents/Developer/Toolchains/XcodeDefault.xctoolchain/usr/bin
configure:3175: $? = 0
configure:3164: gcc -V >&5
clang: error: argument to '-V' is missing (expected 1 value)
clang: error: no input files
configure:3175: $? = 1
configure:3164: gcc -qversion >&5
clang: error: unknown argument: '-qversion'
clang: error: no input files
configure:3175: $? = 1
configure:3195: checking whether the C compiler works
configure:3217: gcc    conftest.c  >&5
configure:3221: $? = 0
configure:3269: result: yes
configure:3272: checking for C compiler default output file name
configure:3274: result: a.out
configure:3280: checking for suffix of executables
configure:3287: gcc -o conftest    conftest.c  >&5
configure:3291: $? = 0
configure:3313: result: 
configure:3335: checking whether we are cross compiling
configure:3343: gcc -o conftest    conftest.c  >&5
configure:3347: $? = 0
configure:3354: ./conftest
configure:3358: $? = 0
configure:3373: result: no
configure:3378: checking for suffix of object files
configure:3400: gcc -c   conftest.c >&5
configure:3404: $? = 0
configure:3425: result: o
configure:3429: checking whether we are using the GNU C compiler
configure:3448: gcc -c   conftest.c >&5
configure:3448: $? = 0
configure:3457: result: yes
configure:3466: checking whether gcc accepts -g
configure:3486: gcc -c -g  conftest.c >&5
configure:3486: $? = 0
configure:3527: result: yes
configure:3544: checking for gcc option to accept ISO C89
configure:3607: gcc  -c -g -O2  conftest.c >&5
configure:3607: $? = 0
configure:3620: result: none needed
configure:3645: checking whether gcc understands -c and -o together
configure:3667: gcc -c conftest.c -o conftest2.o
configure:3670: $? = 0
configure:3667: gcc -c conftest.c -o conftest2.o
configure:3670: $? = 0
configure:3682: result: yes
configure:3702: checking whether make supports the include directive
configure:3717: make -f confmf.GNU && cat confinc.out
this is the am__doit target
configure:3720: $? = 0
configure:3739: result: yes (GNU style)
configure:3764: checking dependency style of gcc
configure:3875: result: gcc3
configure:3921: checking for library containing strerror
configure:3952: gcc -o conftest -g -O2   conftest.c  >&5
conftest.c:20:6: warning: incompatible redeclaration of library function 'strerror' [-Wincompatible-library-redeclaration]
char strerror ();
     ^
conftest.c:20:6: note: 'strerror' is a builtin with type 'char *(int)'
1 warning generated.
configure:3952: $? = 0
configure:3969: result: none required
configure:3983: checking how to run the C preprocessor
configure:4014: gcc -E  conftest.c
configure:4014: $? = 0
configure:4028: gcc -E  conftest.c
conftest.c:13:10: fatal error: 'ac_nonexistent.h' file not found
#include <ac_nonexistent.h>
         ^~~~~~~~~~~~~~~~~~
1 error generated.
configure:4028: $? = 1
configure: failed program was:
| /* confdefs.h */
| #define PACKAGE_NAME "ratts"
| #define PACKAGE_TARNAME "ratts"
| #define PACKAGE_VERSION "0.08"
| #define PACKAGE_STRING "ratts 0.08"
| #define PACKAGE_BUGREPORT "moocow@ling.uni-potsdam.de"
| #define PACKAGE_URL ""
| #define PACKAGE "ratts"
| #define VERSION "0.08"
| #define PACKAGE_COMPILED_ON "Fri Apr 13 11:09:49 EDT 2018"
| #define PACKAGE_COMPILED_BY "megrimm"
| /* end confdefs.h.  */
| #include <ac_nonexistent.h>
configure:4053: result: gcc -E
configure:4073: gcc -E  conftest.c
configure:4073: $? = 0
configure:4087: gcc -E  conftest.c
conftest.c:13:10: fatal error: 'ac_nonexistent.h' file not found
#include <ac_nonexistent.h>
         ^~~~~~~~~~~~~~~~~~
1 error generated.
configure:4087: $? = 1
configure: failed program was:
| /* confdefs.h */
| #define PACKAGE_NAME "ratts"
| #define PACKAGE_TARNAME "ratts"
| #define PACKAGE_VERSION "0.08"
| #define PACKAGE_STRING "ratts 0.08"
| #define PACKAGE_BUGREPORT "moocow@ling.uni-potsdam.de"
| #define PACKAGE_URL ""
| #define PACKAGE "ratts"
| #define VERSION "0.08"
| #define PACKAGE_COMPILED_ON "Fri Apr 13 11:09:49 EDT 2018"
| #define PACKAGE_COMPILED_BY "megrimm"
| /* end confdefs.h.  */
| #include <ac_nonexistent.h>
configure:4116: checking for grep that handles long lines and -e
configure:4174: result: /usr/bin/grep
configure:4179: checking for egrep
configure:4241: result: /usr/bin/grep -E
configure:4246: checking for ANSI C header files
configure:4266: gcc -c -g -O2  conftest.c >&5
configure:4266: $? = 0
configure:4339: gcc -o conftest -g -O2   conftest.c  >&5
configure:4339: $? = 0
configure:4339: ./conftest
configure:4339: $? = 0
configure:4350: result: yes
configure:4361: checking for fcntl.h
configure:4361: gcc -c -g -O2  conftest.c >&5
configure:4361: $? = 0
configure:4361: result: yes
configure:4361: checking for limits.h
configure:4361: gcc -c -g -O2  conftest.c >&5
configure:4361: $? = 0
configure:4361: result: yes
configure:4361: checking for sys/types.h
configure:4361: gcc -c -g -O2  conftest.c >&5
configure:4361: $? = 0
configure:4361: result: yes
configure:4361: checking for sys/file.h
configure:4361: gcc -c -g -O2  conftest.c >&5
configure:4361: $? = 0
configure:4361: result: yes
configure:4361: checking for sys/time.h
configure:4361: gcc -c -g -O2  conftest.c >&5
configure:4361: $? = 0
configure:4361: result: yes
configure:4361: checking for unistd.h
configure:4361: gcc -c -g -O2  conftest.c >&5
configure:4361: $? = 0
configure:4361: result: yes
configure:4427: checking for math.h
configure:4427: gcc -c -g -O2  conftest.c >&5
configure:4427: $? = 0
configure:4427: result: yes
configure:4427: checking for sys/param.h
configure:4427: gcc -c -g -O2  conftest.c >&5
configure:4427: $? = 0
configure:4427: result: yes
configure:4427: checking for sys/stat.h
configure:4427: gcc -c -g -O2  conftest.c >&5
configure:4427: $? = 0
configure:4427: result: yes
configure:4446: checking for an ANSI C-conforming const
configure:4512: gcc -c -g -O2  conftest.c >&5
configure:4512: $? = 0
configure:4519: result: yes
configure:4527: checking for off_t
configure:4527: gcc -c -g -O2  conftest.c >&5
configure:4527: $? = 0
configure:4527: gcc -c -g -O2  conftest.c >&5
conftest.c:59:20: error: expected expression
if (sizeof ((off_t)))
                   ^
1 error generated.
configure:4527: $? = 1
configure: failed program was:
| /* confdefs.h */
| #define PACKAGE_NAME "ratts"
| #define PACKAGE_TARNAME "ratts"
| #define PACKAGE_VERSION "0.08"
| #define PACKAGE_STRING "ratts 0.08"
| #define PACKAGE_BUGREPORT "moocow@ling.uni-potsdam.de"
| #define PACKAGE_URL ""
| #define PACKAGE "ratts"
| #define VERSION "0.08"
| #define PACKAGE_COMPILED_ON "Fri Apr 13 11:09:49 EDT 2018"
| #define PACKAGE_COMPILED_BY "megrimm"
| #define STDC_HEADERS 1
| #define HAVE_FCNTL_H 1
| #define HAVE_LIMITS_H 1
| #define HAVE_SYS_TYPES_H 1
| #define HAVE_SYS_FILE_H 1
| #define HAVE_SYS_TIME_H 1
| #define HAVE_UNISTD_H 1
| #define HAVE_MATH_H 1
| #define HAVE_SYS_PARAM_H 1
| #define HAVE_SYS_STAT_H 1
| /* end confdefs.h.  */
| #include <stdio.h>
| #ifdef HAVE_SYS_TYPES_H
| # include <sys/types.h>
| #endif
| #ifdef HAVE_SYS_STAT_H
| # include <sys/stat.h>
| #endif
| #ifdef STDC_HEADERS
| # include <stdlib.h>
| # include <stddef.h>
| #else
| # ifdef HAVE_STDLIB_H
| #  include <stdlib.h>
| # endif
| #endif
| #ifdef HAVE_STRING_H
| # if !defined STDC_HEADERS && defined HAVE_MEMORY_H
| #  include <memory.h>
| # endif
| # include <string.h>
| #endif
| #ifdef HAVE_STRINGS_H
| # include <strings.h>
| #endif
| #ifdef HAVE_INTTYPES_H
| # include <inttypes.h>
| #endif
| #ifdef HAVE_STDINT_H
| # include <stdint.h>
| #endif
| #ifdef HAVE_UNISTD_H
| # include <unistd.h>
| #endif
| int
| main ()
| {
| if (sizeof ((off_t)))
| 	    return 0;
|   ;
|   return 0;
| }
configure:4527: result: yes
configure:4539: checking if we can use float in prototypes
configure:4554: gcc -c -g -O2  conftest.c >&5
conftest.c:29:19: warning: promoted type 'double' of K&R function parameter is not compatible with the parameter type 'float' declared in a previous prototype [-Wknr-promoted-parameter]
int func(a) float a; {
                  ^
conftest.c:28:25: note: previous declaration is here
} int func PROTO((float a));
                        ^
1 warning generated.
configure:4554: $? = 0
configure:4555: result: yes
configure:4647: checking for m_pd.h
configure:4647: gcc -c -g -O2   -I/Applications/Pd.app/Contents/Resources/src/  -I/Applications/Pd.app/Contents/Resources/src/ conftest.c >&5
configure:4647: $? = 0
configure:4647: result: yes
configure:4663: checking whether we are building a debug version
configure:4675: result: no
configure:4872: checking that generated files are newer than configure
configure:4878: result: done
configure:4901: creating ./config.status

## ---------------------- ##
## Running config.status. ##
## ---------------------- ##

This file was extended by ratts config.status 0.08, which was
generated by GNU Autoconf 2.69.  Invocation command line was

  CONFIG_FILES    = 
  CONFIG_HEADERS  = 
  CONFIG_LINKS    = 
  CONFIG_COMMANDS = 
  $ ./config.status 

on megrimm-mbp.local

config.status:872: creating config/Makefile
config.status:872: creating src/Makefile
config.status:872: creating dict/Makefile
config.status:872: creating Makefile
config.status:872: creating src/config.h
config.status:1101: executing depfiles commands
config.status:1178: cd src       && sed -e '/# am--include-marker/d' Makefile         | make -f - am--depfiles
make: Nothing to be done for `am--depfiles'.
config.status:1183: $? = 0
config.status:1178: cd dict       && sed -e '/# am--include-marker/d' Makefile         | make -f - am--depfiles
make: Nothing to be done for `am--depfiles'.
config.status:1183: $? = 0

## ---------------- ##
## Cache variables. ##
## ---------------- ##

ac_cv_c_compiler_gnu=yes
ac_cv_c_const=yes
ac_cv_env_CC_set=
ac_cv_env_CC_value=
ac_cv_env_CFLAGS_set=
ac_cv_env_CFLAGS_value=
ac_cv_env_CPPFLAGS_set=
ac_cv_env_CPPFLAGS_value=
ac_cv_env_CPP_set=
ac_cv_env_CPP_value=
ac_cv_env_LDFLAGS_set=
ac_cv_env_LDFLAGS_value=
ac_cv_env_LIBS_set=
ac_cv_env_LIBS_value=
ac_cv_env_build_alias_set=
ac_cv_env_build_alias_value=
ac_cv_env_host_alias_set=
ac_cv_env_host_alias_value=
ac_cv_env_target_alias_set=
ac_cv_env_target_alias_value=
ac_cv_header_fcntl_h=yes
ac_cv_header_limits_h=yes
ac_cv_header_m_pd_h=yes
ac_cv_header_math_h=yes
ac_cv_header_stdc=yes
ac_cv_header_sys_file_h=yes
ac_cv_header_sys_param_h=yes
ac_cv_header_sys_stat_h=yes
ac_cv_header_sys_time_h=yes
ac_cv_header_sys_types_h=yes
ac_cv_header_unistd_h=yes
ac_cv_objext=o
ac_cv_path_EGREP='/usr/bin/grep -E'
ac_cv_path_GREP=/usr/bin/grep
ac_cv_path_install='/usr/local/bin/ginstall -c'
ac_cv_path_mkdir=/usr/local/bin/gmkdir
ac_cv_prog_AWK=awk
ac_cv_prog_CPP='gcc -E'
ac_cv_prog_ac_ct_CC=gcc
ac_cv_prog_cc_c89=
ac_cv_prog_cc_g=yes
ac_cv_prog_make_make_set=yes
ac_cv_search_strerror='none required'
ac_cv_type_off_t=yes
am_cv_CC_dependencies_compiler_type=gcc3
am_cv_make_support_nested_variables=yes
am_cv_prog_cc_c_o=yes

## ----------------- ##
## Output variables. ##
## ----------------- ##

ACLOCAL='aclocal-1.16'
AFLAGS=''
AMDEPBACKSLASH='\'
AMDEP_FALSE='#'
AMDEP_TRUE=''
AMTAR='$${TAR-tar}'
AM_BACKSLASH='\'
AM_DEFAULT_V='$(AM_DEFAULT_VERBOSITY)'
AM_DEFAULT_VERBOSITY='1'
AM_V='$(V)'
AUTOCONF='autoconf'
AUTOHEADER='autoheader'
AUTOMAKE='automake-1.16'
AWK='awk'
BUGREPORT=''
CC='gcc'
CCDEPMODE='depmode=gcc3'
CFLAGS=''
CPP='gcc -E'
CPPFLAGS=''
CYGPATH_W='echo'
DEBUG='no'
DEFS='-DHAVE_CONFIG_H'
DEPDIR='.deps'
DFLAGS=' -DMACOSX'
ECHO_C='\c'
ECHO_N=''
ECHO_T=''
EGREP='/usr/bin/grep -E'
EXEEXT=''
GREP='/usr/bin/grep'
IFLAGS=' -I/Applications/Pd.app/Contents/Resources/src/'
INSTALL_DATA='${INSTALL} -m 644'
INSTALL_PROGRAM='${INSTALL}'
INSTALL_SCRIPT='${INSTALL}'
INSTALL_STRIP_PROGRAM='$(install_sh) -c -s'
LD='ld'
LDFLAGS=''
LFLAGS='-bundle -undefined suppress  -flat_namespace'
LIBOBJS=''
LIBS=''
LTLIBOBJS=''
MAKEINFO='makeinfo'
MKDIR_P='/usr/local/bin/gmkdir -p'
OBJEXT='o'
OFLAGS='-O2'
PACKAGE='ratts'
PACKAGE_BUGREPORT='moocow@ling.uni-potsdam.de'
PACKAGE_NAME='ratts'
PACKAGE_STRING='ratts 0.08'
PACKAGE_TARNAME='ratts'
PACKAGE_URL=''
PACKAGE_VERSION='0.08'
PATH_SEPARATOR=':'
PDEXT='pd_darwin'
PD_OBJECT_EXTERNALS=''
SET_MAKE=''
SHELL='/bin/sh'
STRIP=''
VERSION='0.08'
WFLAGS=''
ac_ct_CC='gcc'
am__EXEEXT_FALSE=''
am__EXEEXT_TRUE='#'
am__fastdepCC_FALSE='#'
am__fastdepCC_TRUE=''
am__include='include'
am__isrc=''
am__leading_dot='.'
am__nodep='_no'
am__quote=''
am__tar='$${TAR-tar} chof - "$$tardir"'
am__untar='$${TAR-tar} xf -'
bindir='${exec_prefix}/bin'
build_alias=''
datadir='${datarootdir}'
datarootdir='${prefix}/share'
docdir='${datarootdir}/doc/${PACKAGE_TARNAME}'
dvidir='${docdir}'
exec_prefix='${prefix}'
host_alias=''
htmldir='${docdir}'
includedir='${prefix}/include'
infodir='${datarootdir}/info'
install_sh='${SHELL} /Users/megrimm/Development/puredata/pd-ratts/config/install-sh'
libdir='${exec_prefix}/lib'
libexecdir='${exec_prefix}/libexec'
localedir='${datarootdir}/locale'
localstatedir='${prefix}/var'
mandir='${datarootdir}/man'
mkdir_p='$(MKDIR_P)'
oldincludedir='/usr/include'
pddir='${prefix}/pd'
pddocdir='${prefix}/pd/doc/5.reference'
pdexternsdir='${prefix}/pd/externs'
pdfdir='${docdir}'
pdincludedir='/Applications/Pd.app/Contents/Resources/src/'
prefix='/usr/local'
program_transform_name='s,x,x,'
psdir='${docdir}'
sbindir='${exec_prefix}/sbin'
sharedstatedir='${prefix}/com'
sysconfdir='${prefix}/etc'
target_alias=''

## ----------- ##
## confdefs.h. ##
## ----------- ##

/* confdefs.h */
#define PACKAGE_NAME "ratts"
#define PACKAGE_TARNAME "ratts"
#define PACKAGE_VERSION "0.08"
#define PACKAGE_STRING "ratts 0.08"
#define PACKAGE_BUGREPORT "moocow@ling.uni-potsdam.de"
#define PACKAGE_URL ""
#define PACKAGE "ratts"
#define VERSION "0.08"
#define PACKAGE_COMPILED_ON "Fri Apr 13 11:09:49 EDT 2018"
#define PACKAGE_COMPILED_BY "megrimm"
#define STDC_HEADERS 1
#define HAVE_FCNTL_H 1
#define HAVE_LIMITS_H 1
#define HAVE_SYS_TYPES_H 1
#define HAVE_SYS_FILE_H 1
#define HAVE_SYS_TIME_H 1
#define HAVE_UNISTD_H 1
#define HAVE_MATH_H 1
#define HAVE_SYS_PARAM_H 1
#define HAVE_SYS_STAT_H 1

configure: exit 0
